{"C:\\Users\\Van strahlen Alex\\Documents\\GitHub\\React_y_TypeScript_La_Guia_Completa_Creando_10_Proyectos\\rest_api_node_ts_server\\src\\router.ts": {"path":"C:\\Users\\Van strahlen Alex\\Documents\\GitHub\\React_y_TypeScript_La_Guia_Completa_Creando_10_Proyectos\\rest_api_node_ts_server\\src\\router.ts","statementMap":{"0":{"start":{"line":1,"column":0},"end":{"line":1,"column":33}},"1":{"start":{"line":2,"column":0},"end":{"line":2,"column":48}},"2":{"start":{"line":3,"column":0},"end":{"line":3,"column":130}},"3":{"start":{"line":4,"column":0},"end":{"line":4,"column":49}},"4":{"start":{"line":6,"column":15},"end":{"line":6,"column":23}},"5":{"start":{"line":8,"column":0},"end":{"line":8,"column":null}},"6":{"start":{"line":9,"column":0},"end":{"line":12,"column":null}},"7":{"start":{"line":15,"column":0},"end":{"line":24,"column":null}},"8":{"start":{"line":21,"column":21},"end":{"line":21,"column":30}},"9":{"start":{"line":26,"column":0},"end":{"line":36,"column":null}},"10":{"start":{"line":32,"column":21},"end":{"line":32,"column":30}},"11":{"start":{"line":38,"column":0},"end":{"line":41,"column":null}},"12":{"start":{"line":43,"column":0},"end":{"line":47,"column":null}},"13":{"start":{"line":49,"column":0},"end":{"line":49,"column":22}}},"fnMap":{"0":{"name":"(anonymous_0)","decl":{"start":{"line":21,"column":12},"end":{"line":21,"column":17}},"loc":{"start":{"line":21,"column":21},"end":{"line":21,"column":30}}},"1":{"name":"(anonymous_1)","decl":{"start":{"line":32,"column":12},"end":{"line":32,"column":17}},"loc":{"start":{"line":32,"column":21},"end":{"line":32,"column":30}}}},"branchMap":{},"s":{"0":2,"1":2,"2":2,"3":2,"4":2,"5":2,"6":2,"7":2,"8":4,"9":2,"10":5,"11":2,"12":2,"13":2},"f":{"0":4,"1":5},"b":{}}
,"C:\\Users\\Van strahlen Alex\\Documents\\GitHub\\React_y_TypeScript_La_Guia_Completa_Creando_10_Proyectos\\rest_api_node_ts_server\\src\\server.ts": {"path":"C:\\Users\\Van strahlen Alex\\Documents\\GitHub\\React_y_TypeScript_La_Guia_Completa_Creando_10_Proyectos\\rest_api_node_ts_server\\src\\server.ts","statementMap":{"0":{"start":{"line":1,"column":0},"end":{"line":1,"column":30}},"1":{"start":{"line":3,"column":0},"end":{"line":3,"column":28}},"2":{"start":{"line":4,"column":0},"end":{"line":4,"column":30}},"3":{"start":{"line":5,"column":0},"end":{"line":5,"column":29}},"4":{"start":{"line":9,"column":1},"end":{"line":16,"column":2}},"5":{"start":{"line":10,"column":2},"end":{"line":10,"column":26}},"6":{"start":{"line":11,"column":2},"end":{"line":11,"column":12}},"7":{"start":{"line":14,"column":2},"end":{"line":14,"column":96}},"8":{"start":{"line":8,"column":0},"end":{"line":8,"column":7}},"9":{"start":{"line":18,"column":0},"end":{"line":18,"column":12}},"10":{"start":{"line":22,"column":15},"end":{"line":22,"column":24}},"11":{"start":{"line":25,"column":0},"end":{"line":25,"column":null}},"12":{"start":{"line":27,"column":0},"end":{"line":27,"column":36}},"13":{"start":{"line":29,"column":0},"end":{"line":31,"column":null}},"14":{"start":{"line":30,"column":1},"end":{"line":30,"column":32}},"15":{"start":{"line":33,"column":0},"end":{"line":33,"column":22}}},"fnMap":{"0":{"name":"connectDB","decl":{"start":{"line":8,"column":22},"end":{"line":8,"column":31}},"loc":{"start":{"line":8,"column":31},"end":{"line":17,"column":1}}},"1":{"name":"(anonymous_2)","decl":{"start":{"line":29,"column":20},"end":{"line":29,"column":21}},"loc":{"start":{"line":29,"column":33},"end":{"line":30,"column":32}}}},"branchMap":{},"s":{"0":2,"1":2,"2":2,"3":2,"4":3,"5":3,"6":2,"7":1,"8":2,"9":2,"10":2,"11":2,"12":2,"13":2,"14":1,"15":2},"f":{"0":3,"1":1},"b":{}}
,"C:\\Users\\Van strahlen Alex\\Documents\\GitHub\\React_y_TypeScript_La_Guia_Completa_Creando_10_Proyectos\\rest_api_node_ts_server\\src\\config\\db.ts": {"path":"C:\\Users\\Van strahlen Alex\\Documents\\GitHub\\React_y_TypeScript_La_Guia_Completa_Creando_10_Proyectos\\rest_api_node_ts_server\\src\\config\\db.ts","statementMap":{"0":{"start":{"line":1,"column":0},"end":{"line":1,"column":49}},"1":{"start":{"line":2,"column":0},"end":{"line":2,"column":28}},"2":{"start":{"line":4,"column":0},"end":{"line":4,"column":16}},"3":{"start":{"line":6,"column":11},"end":{"line":9,"column":2}},"4":{"start":{"line":11,"column":0},"end":{"line":11,"column":18}}},"fnMap":{},"branchMap":{},"s":{"0":2,"1":2,"2":2,"3":2,"4":2},"f":{},"b":{}}
,"C:\\Users\\Van strahlen Alex\\Documents\\GitHub\\React_y_TypeScript_La_Guia_Completa_Creando_10_Proyectos\\rest_api_node_ts_server\\src\\handlers\\product.ts": {"path":"C:\\Users\\Van strahlen Alex\\Documents\\GitHub\\React_y_TypeScript_La_Guia_Completa_Creando_10_Proyectos\\rest_api_node_ts_server\\src\\handlers\\product.ts","statementMap":{"0":{"start":{"line":1,"column":0},"end":{"line":1,"column":28}},"1":{"start":{"line":2,"column":0},"end":{"line":2,"column":30}},"2":{"start":{"line":4,"column":0},"end":{"line":4,"column":46}},"3":{"start":{"line":6,"column":27},"end":{"line":14,"column":1}},"4":{"start":{"line":7,"column":1},"end":{"line":7,"column":130}},"5":{"start":{"line":8,"column":18},"end":{"line":12,"column":4}},"6":{"start":{"line":13,"column":2},"end":{"line":13,"column":null}},"7":{"start":{"line":6,"column":13},"end":{"line":6,"column":27}},"8":{"start":{"line":16,"column":30},"end":{"line":26,"column":1}},"9":{"start":{"line":17,"column":1},"end":{"line":17,"column":133}},"10":{"start":{"line":18,"column":16},"end":{"line":18,"column":26}},"11":{"start":{"line":19,"column":18},"end":{"line":19,"column":44}},"12":{"start":{"line":20,"column":2},"end":{"line":24,"column":3}},"13":{"start":{"line":21,"column":3},"end":{"line":23,"column":null}},"14":{"start":{"line":25,"column":2},"end":{"line":25,"column":null}},"15":{"start":{"line":16,"column":13},"end":{"line":16,"column":30}},"16":{"start":{"line":28,"column":29},"end":{"line":35,"column":1}},"17":{"start":{"line":29,"column":1},"end":{"line":29,"column":132}},"18":{"start":{"line":31,"column":17},"end":{"line":31,"column":47}},"19":{"start":{"line":33,"column":2},"end":{"line":33,"column":40}},"20":{"start":{"line":28,"column":13},"end":{"line":28,"column":29}},"21":{"start":{"line":37,"column":29},"end":{"line":53,"column":1}},"22":{"start":{"line":38,"column":1},"end":{"line":38,"column":132}},"23":{"start":{"line":39,"column":16},"end":{"line":39,"column":26}},"24":{"start":{"line":40,"column":18},"end":{"line":40,"column":44}},"25":{"start":{"line":41,"column":2},"end":{"line":45,"column":3}},"26":{"start":{"line":42,"column":3},"end":{"line":44,"column":null}},"27":{"start":{"line":48,"column":2},"end":{"line":48,"column":24}},"28":{"start":{"line":49,"column":2},"end":{"line":49,"column":33}},"29":{"start":{"line":50,"column":2},"end":{"line":50,"column":23}},"30":{"start":{"line":52,"column":2},"end":{"line":52,"column":null}},"31":{"start":{"line":37,"column":13},"end":{"line":37,"column":29}},"32":{"start":{"line":55,"column":34},"end":{"line":70,"column":1}},"33":{"start":{"line":56,"column":1},"end":{"line":56,"column":137}},"34":{"start":{"line":57,"column":16},"end":{"line":57,"column":26}},"35":{"start":{"line":58,"column":18},"end":{"line":58,"column":44}},"36":{"start":{"line":59,"column":2},"end":{"line":63,"column":3}},"37":{"start":{"line":60,"column":3},"end":{"line":62,"column":null}},"38":{"start":{"line":66,"column":2},"end":{"line":66,"column":46}},"39":{"start":{"line":67,"column":2},"end":{"line":67,"column":23}},"40":{"start":{"line":69,"column":2},"end":{"line":69,"column":null}},"41":{"start":{"line":55,"column":13},"end":{"line":55,"column":34}},"42":{"start":{"line":72,"column":29},"end":{"line":85,"column":1}},"43":{"start":{"line":73,"column":1},"end":{"line":73,"column":132}},"44":{"start":{"line":74,"column":16},"end":{"line":74,"column":26}},"45":{"start":{"line":75,"column":17},"end":{"line":75,"column":43}},"46":{"start":{"line":76,"column":1},"end":{"line":80,"column":2}},"47":{"start":{"line":77,"column":2},"end":{"line":79,"column":null}},"48":{"start":{"line":82,"column":1},"end":{"line":82,"column":25}},"49":{"start":{"line":83,"column":1},"end":{"line":83,"column":null}},"50":{"start":{"line":72,"column":13},"end":{"line":72,"column":29}}},"fnMap":{"0":{"name":"(anonymous_1)","decl":{"start":{"line":6,"column":27},"end":{"line":6,"column":32}},"loc":{"start":{"line":6,"column":65},"end":{"line":14,"column":1}}},"1":{"name":"(anonymous_2)","decl":{"start":{"line":16,"column":30},"end":{"line":16,"column":35}},"loc":{"start":{"line":16,"column":68},"end":{"line":26,"column":1}}},"2":{"name":"(anonymous_3)","decl":{"start":{"line":28,"column":29},"end":{"line":28,"column":34}},"loc":{"start":{"line":28,"column":68},"end":{"line":35,"column":1}}},"3":{"name":"(anonymous_4)","decl":{"start":{"line":37,"column":29},"end":{"line":37,"column":34}},"loc":{"start":{"line":37,"column":67},"end":{"line":53,"column":1}}},"4":{"name":"(anonymous_5)","decl":{"start":{"line":55,"column":34},"end":{"line":55,"column":39}},"loc":{"start":{"line":55,"column":72},"end":{"line":70,"column":1}}},"5":{"name":"(anonymous_6)","decl":{"start":{"line":72,"column":29},"end":{"line":72,"column":34}},"loc":{"start":{"line":72,"column":67},"end":{"line":85,"column":1}}}},"branchMap":{"0":{"loc":{"start":{"line":20,"column":2},"end":{"line":24,"column":3}},"type":"if","locations":[{"start":{"line":20,"column":2},"end":{"line":24,"column":3}}]},"1":{"loc":{"start":{"line":41,"column":2},"end":{"line":45,"column":3}},"type":"if","locations":[{"start":{"line":41,"column":2},"end":{"line":45,"column":3}}]},"2":{"loc":{"start":{"line":59,"column":2},"end":{"line":63,"column":3}},"type":"if","locations":[{"start":{"line":59,"column":2},"end":{"line":63,"column":3}}]},"3":{"loc":{"start":{"line":76,"column":1},"end":{"line":80,"column":2}},"type":"if","locations":[{"start":{"line":76,"column":1},"end":{"line":80,"column":2}}]}},"s":{"0":2,"1":2,"2":2,"3":2,"4":2,"5":2,"6":2,"7":2,"8":2,"9":2,"10":2,"11":2,"12":2,"13":1,"14":1,"15":2,"16":2,"17":1,"18":1,"19":1,"20":2,"21":2,"22":2,"23":2,"24":2,"25":2,"26":1,"27":1,"28":1,"29":1,"30":1,"31":2,"32":2,"33":2,"34":2,"35":2,"36":2,"37":2,"38":0,"39":0,"40":0,"41":2,"42":2,"43":2,"44":2,"45":2,"46":2,"47":1,"48":1,"49":1,"50":2},"f":{"0":2,"1":2,"2":1,"3":2,"4":2,"5":2},"b":{"0":[1],"1":[1],"2":[2],"3":[1]}}
,"C:\\Users\\Van strahlen Alex\\Documents\\GitHub\\React_y_TypeScript_La_Guia_Completa_Creando_10_Proyectos\\rest_api_node_ts_server\\src\\middleware\\index.ts": {"path":"C:\\Users\\Van strahlen Alex\\Documents\\GitHub\\React_y_TypeScript_La_Guia_Completa_Creando_10_Proyectos\\rest_api_node_ts_server\\src\\middleware\\index.ts","statementMap":{"0":{"start":{"line":1,"column":0},"end":{"line":1,"column":28}},"1":{"start":{"line":2,"column":0},"end":{"line":2,"column":30}},"2":{"start":{"line":4,"column":0},"end":{"line":4,"column":52}},"3":{"start":{"line":6,"column":33},"end":{"line":15,"column":1}},"4":{"start":{"line":7,"column":1},"end":{"line":7,"column":97}},"5":{"start":{"line":9,"column":14},"end":{"line":9,"column":35}},"6":{"start":{"line":10,"column":1},"end":{"line":12,"column":2}},"7":{"start":{"line":11,"column":2},"end":{"line":11,"column":56}},"8":{"start":{"line":13,"column":1},"end":{"line":13,"column":null}},"9":{"start":{"line":6,"column":13},"end":{"line":6,"column":33}}},"fnMap":{"0":{"name":"(anonymous_1)","decl":{"start":{"line":6,"column":33},"end":{"line":6,"column":34}},"loc":{"start":{"line":6,"column":85},"end":{"line":15,"column":1}}}},"branchMap":{"0":{"loc":{"start":{"line":10,"column":1},"end":{"line":12,"column":2}},"type":"if","locations":[{"start":{"line":10,"column":1},"end":{"line":12,"column":2}}]}},"s":{"0":2,"1":2,"2":2,"3":2,"4":17,"5":17,"6":17,"7":8,"8":9,"9":2},"f":{"0":17},"b":{"0":[8]}}
,"C:\\Users\\Van strahlen Alex\\Documents\\GitHub\\React_y_TypeScript_La_Guia_Completa_Creando_10_Proyectos\\rest_api_node_ts_server\\src\\models\\Product.model.ts": {"path":"C:\\Users\\Van strahlen Alex\\Documents\\GitHub\\React_y_TypeScript_La_Guia_Completa_Creando_10_Proyectos\\rest_api_node_ts_server\\src\\models\\Product.model.ts","statementMap":{"0":{"start":{"line":1,"column":0},"end":{"line":1,"column":79}},"1":{"start":{"line":8,"column":0},"end":{"line":24,"column":null}},"2":{"start":{"line":12,"column":9},"end":{"line":12,"column":null}},"3":{"start":{"line":17,"column":9},"end":{"line":17,"column":null}},"4":{"start":{"line":23,"column":9},"end":{"line":23,"column":null}},"5":{"start":{"line":8,"column":6},"end":{"line":24,"column":null}},"6":{"start":{"line":26,"column":0},"end":{"line":26,"column":23}}},"fnMap":{},"branchMap":{},"s":{"0":3,"1":3,"2":3,"3":3,"4":3,"5":3,"6":3},"f":{},"b":{}}
}
